# vsim -vopt work.adder_tb -voptargs="+acc=npr" -assertdebug -l adder.log -sva -coverage -c -do "log -r /*; add wave -r /*; coverage save -onexit -assert -directive -cvg -codeAll adder_coverage.ucdb; run -all; exit" -wlf adder.wlf 
# Start time: 12:07:50 on Jun 14,2023
# ** Note: (vsim-3813) Design is being optimized due to module recompilation...
# //  Questa Sim
# //  Version 10.6c linux Jul 25 2017
# //
# //  Copyright 1991-2017 Mentor Graphics Corporation
# //  All Rights Reserved.
# //
# //  QuestaSim and its associated documentation contain trade
# //  secrets and commercial or financial information that are the property of
# //  Mentor Graphics Corporation and are privileged, confidential,
# //  and exempt from disclosure under the Freedom of Information Act,
# //  5 U.S.C. Section 552. Furthermore, this information
# //  is prohibited from disclosure under the Trade Secrets Act,
# //  18 U.S.C. Section 1905.
# //
# Loading sv_std.std
# Loading work.adder_tb(fast)
# Loading work.adder(fast)
# log -r /*
#  add wave -r /*
#  coverage save -onexit -assert -directive -cvg -codeAll adder_coverage.ucdb
#  run -all
# ** Note: $finish    : adder_tb.sv(20)
#    Time: 300 ns  Iteration: 0  Instance: /adder_tb
# Saving coverage database on exit...
# End time: 12:08:11 on Jun 14,2023, Elapsed time: 0:00:21
# Errors: 0, Warnings: 0
